#! /c/Source/iverilog-install/bin/vvp
:ivl_version "12.0 (devel)" "(s20150603-1539-g2693dd32b)";
:ivl_delay_selection "TYPICAL";
:vpi_time_precision - 12;
:vpi_module "C:\iverilog\lib\ivl\system.vpi";
:vpi_module "C:\iverilog\lib\ivl\vhdl_sys.vpi";
:vpi_module "C:\iverilog\lib\ivl\vhdl_textio.vpi";
:vpi_module "C:\iverilog\lib\ivl\v2005_math.vpi";
:vpi_module "C:\iverilog\lib\ivl\va_math.vpi";
S_000002246fec3b90 .scope module, "tb_smart_irrigation" "tb_smart_irrigation" 2 12;
 .timescale -9 -12;
P_000002246fec41f0 .param/l "DEBOUNCE_WIDTH" 0 2 17, +C4<00000000000000000000000000001000>;
P_000002246fec4228 .param/l "NUM_USERS" 0 2 15, +C4<00000000000000000000000000000100>;
P_000002246fec4260 .param/l "WIDTH" 0 2 16, +C4<00000000000000000000000000000110>;
v000002246ff5f8e0_0 .var "auto_cycle_start", 0 0;
v000002246ff5f520_0 .var "clk", 0 0;
v000002246ff5e260_0 .var "clk_1hz", 0 0;
v000002246ff5fa20_0 .net "current_zone", 1 0, L_000002246fef5520;  1 drivers
v000002246ff5e1c0_0 .net "flow_boost_on", 0 0, L_000002246fef5670;  1 drivers
v000002246ff5ed00_0 .var "flow_pulse_raw", 0 0;
v000002246ff5e800_0 .var/i "i", 31 0;
v000002246ff5e3a0_0 .var "manual_override", 0 0;
v000002246ff5eda0_0 .var "moisture_dry", 0 0;
v000002246ff5eee0_0 .net "quota_exceeded", 3 0, v000002246ff5f660_0;  1 drivers
v000002246ff5fb60_0 .net "quota_out", 5 0, v000002246ff5e120_0;  1 drivers
v000002246ff5ff20_0 .var "quota_set", 5 0;
v000002246ff5e440_0 .var "quota_wr", 0 0;
v000002246ff5e8a0_0 .var "rain", 0 0;
v000002246ff5f020_0 .var "reset_user", 0 0;
v000002246ff5f0c0_0 .var "rst_n", 0 0;
v000002246ff5f160_0 .net "sequencer_active", 0 0, L_000002246fef5360;  1 drivers
v000002246ff5f200_0 .net "usage_out", 5 0, v000002246ff5e620_0;  1 drivers
v000002246ff5f3e0_0 .var "user_select_manual", 1 0;
v000002246fec0a40_0 .net "valve_on", 0 0, v000002246ff5f340_0;  1 drivers
E_000002246fefadd0 .event posedge, v000002246fec0b80_0;
S_000002246fec3d20 .scope module, "DUT" "smart_irrigation" 2 54, 3 6 0, S_000002246fec3b90;
 .timescale -9 -12;
    .port_info 0 /INPUT 1 "clk";
    .port_info 1 /INPUT 1 "rst_n";
    .port_info 2 /INPUT 1 "clk_1hz";
    .port_info 3 /INPUT 1 "flow_pulse_raw";
    .port_info 4 /INPUT 1 "moisture_dry";
    .port_info 5 /INPUT 1 "rain";
    .port_info 6 /INPUT 1 "auto_cycle_start";
    .port_info 7 /INPUT 2 "user_select_manual";
    .port_info 8 /INPUT 1 "reset_user";
    .port_info 9 /INPUT 1 "quota_wr";
    .port_info 10 /INPUT 6 "quota_set";
    .port_info 11 /INPUT 1 "manual_override";
    .port_info 12 /OUTPUT 1 "valve_on";
    .port_info 13 /OUTPUT 4 "quota_exceeded";
    .port_info 14 /OUTPUT 6 "usage_out";
    .port_info 15 /OUTPUT 6 "quota_out";
    .port_info 16 /OUTPUT 1 "flow_boost_on";
    .port_info 17 /OUTPUT 1 "sequencer_active";
    .port_info 18 /OUTPUT 2 "current_zone";
P_000002246ff02ac0 .param/l "DEBOUNCE_WIDTH" 0 3 9, +C4<00000000000000000000000000001000>;
P_000002246ff02af8 .param/l "NUM_USERS" 0 3 7, +C4<00000000000000000000000000000100>;
P_000002246ff02b30 .param/l "S_IDLE" 1 3 73, C4<000>;
P_000002246ff02b68 .param/l "S_ZONE_0" 1 3 75, C4<010>;
P_000002246ff02ba0 .param/l "S_ZONE_1" 1 3 77, C4<100>;
P_000002246ff02bd8 .param/l "S_ZONE_2" 1 3 74, C4<001>;
P_000002246ff02c10 .param/l "S_ZONE_3" 1 3 76, C4<011>;
P_000002246ff02c48 .param/l "WIDTH" 0 3 8, +C4<00000000000000000000000000000110>;
L_000002246fef5590 .functor AND 1, L_000002246ff60590, L_000002246ff609f0, C4<1>, C4<1>;
L_000002246fef5440 .functor AND 1, v000002246ff5ee40_0, L_000002246ff60630, C4<1>, C4<1>;
L_000002246fef5360 .functor BUFZ 1, v000002246ff5eb20_0, C4<0>, C4<0>, C4<0>;
L_000002246fef5520 .functor BUFZ 2, L_000002246ff618f0, C4<00>, C4<00>, C4<00>;
L_000002246fef5670 .functor AND 1, v000002246ff5f340_0, L_000002246fef5590, C4<1>, C4<1>;
L_000002246ff80088 .functor BUFT 1, C4<01010>, C4<0>, C4<0>, C4<0>;
v000002246fec00e0_0 .net/2u *"_ivl_0", 4 0, L_000002246ff80088;  1 drivers
v000002246fec07c0_0 .net *"_ivl_11", 0 0, L_000002246ff60630;  1 drivers
v000002246fec0720_0 .net *"_ivl_2", 0 0, L_000002246ff60590;  1 drivers
L_000002246ff80118 .functor BUFT 1, C4<10>, C4<0>, C4<0>, C4<0>;
v000002246fec0d60_0 .net/2u *"_ivl_20", 1 0, L_000002246ff80118;  1 drivers
L_000002246ff80160 .functor BUFT 1, C4<01>, C4<0>, C4<0>, C4<0>;
v000002246fec0e00_0 .net/2u *"_ivl_22", 1 0, L_000002246ff80160;  1 drivers
L_000002246ff800d0 .functor BUFT 1, C4<10000>, C4<0>, C4<0>, C4<0>;
v000002246fec04a0_0 .net/2u *"_ivl_4", 4 0, L_000002246ff800d0;  1 drivers
v000002246fec0040_0 .net *"_ivl_6", 0 0, L_000002246ff609f0;  1 drivers
v000002246fec0900_0 .net "auto_cycle_start", 0 0, v000002246ff5f8e0_0;  1 drivers
v000002246fec0400_0 .net "clk", 0 0, v000002246ff5f520_0;  1 drivers
v000002246fec0180_0 .net "clk_1hz", 0 0, v000002246ff5e260_0;  1 drivers
v000002246fec0540_0 .var "current_state", 2 0;
v000002246fec05e0_0 .net "current_zone", 1 0, L_000002246fef5520;  alias, 1 drivers
v000002246fec0680_0 .net "final_user_select", 1 0, L_000002246ff618f0;  1 drivers
v000002246ff5e080_0 .net "flow_boost_on", 0 0, L_000002246fef5670;  alias, 1 drivers
v000002246ff5e9e0_0 .net "flow_pulse_debounced", 0 0, v000002246fec0ae0_0;  1 drivers
v000002246ff5fc00_0 .var "flow_pulse_last", 0 0;
v000002246ff5f840_0 .net "flow_pulse_raw", 0 0, v000002246ff5ed00_0;  1 drivers
v000002246ff5f7a0_0 .var "hour_cnt", 4 0;
v000002246ff5fde0_0 .var/i "i", 31 0;
v000002246ff5fca0_0 .net "increment_val", 1 0, L_000002246ff60450;  1 drivers
v000002246ff5eb20_0 .var "internal_sequencer_active", 0 0;
v000002246ff5ebc0_0 .var "internal_start_pulse", 0 0;
v000002246ff5fac0_0 .var "internal_user_select_fsm", 1 0;
v000002246ff5fd40_0 .var "irrigating", 0 0;
v000002246ff5ee40_0 .var "irrigating_last", 0 0;
v000002246ff5ef80_0 .net "manual_override", 0 0, v000002246ff5e3a0_0;  1 drivers
L_000002246ff801a8 .functor BUFT 1, C4<111111>, C4<0>, C4<0>, C4<0>;
v000002246ff5f700_0 .net "max_val", 5 0, L_000002246ff801a8;  1 drivers
v000002246ff5ec60_0 .net "moisture_dry", 0 0, v000002246ff5eda0_0;  1 drivers
v000002246ff5e4e0_0 .net "peak_time", 0 0, L_000002246fef5590;  1 drivers
v000002246ff5f2a0 .array "quota", 3 0, 5 0;
v000002246ff5f660_0 .var "quota_exceeded", 3 0;
v000002246ff5e120_0 .var "quota_out", 5 0;
v000002246ff5e300_0 .net "quota_set", 5 0, v000002246ff5ff20_0;  1 drivers
v000002246ff5fe80_0 .net "quota_wr", 0 0, v000002246ff5e440_0;  1 drivers
v000002246ff5e580_0 .net "rain", 0 0, v000002246ff5e8a0_0;  1 drivers
v000002246ff5ea80_0 .net "reset_user", 0 0, v000002246ff5f020_0;  1 drivers
v000002246ff5f980_0 .net "rst_n", 0 0, v000002246ff5f0c0_0;  1 drivers
v000002246ff5f5c0_0 .net "sequencer_active", 0 0, L_000002246fef5360;  alias, 1 drivers
v000002246ff5e6c0 .array "usage", 3 0, 5 0;
v000002246ff5e620_0 .var "usage_out", 5 0;
v000002246ff5e940_0 .net "user_select_manual", 1 0, v000002246ff5f3e0_0;  1 drivers
v000002246ff5f340_0 .var "valve_on", 0 0;
v000002246ff5e760_0 .net "zone_finished_pulse", 0 0, L_000002246fef5440;  1 drivers
E_000002246fefa9d0/0 .event anyedge, v000002246ff5e580_0, v000002246ff5ef80_0, v000002246fec0680_0, v000002246ff5f660_0;
E_000002246fefa9d0/1 .event anyedge, v000002246ff5fd40_0;
E_000002246fefa9d0 .event/or E_000002246fefa9d0/0, E_000002246fefa9d0/1;
v000002246ff5e6c0_0 .array/port v000002246ff5e6c0, 0;
v000002246ff5e6c0_1 .array/port v000002246ff5e6c0, 1;
v000002246ff5e6c0_2 .array/port v000002246ff5e6c0, 2;
v000002246ff5e6c0_3 .array/port v000002246ff5e6c0, 3;
E_000002246fefaad0/0 .event anyedge, v000002246ff5e6c0_0, v000002246ff5e6c0_1, v000002246ff5e6c0_2, v000002246ff5e6c0_3;
v000002246ff5f2a0_0 .array/port v000002246ff5f2a0, 0;
v000002246ff5f2a0_1 .array/port v000002246ff5f2a0, 1;
v000002246ff5f2a0_2 .array/port v000002246ff5f2a0, 2;
v000002246ff5f2a0_3 .array/port v000002246ff5f2a0, 3;
E_000002246fefaad0/1 .event anyedge, v000002246ff5f2a0_0, v000002246ff5f2a0_1, v000002246ff5f2a0_2, v000002246ff5f2a0_3;
E_000002246fefaad0 .event/or E_000002246fefaad0/0, E_000002246fefaad0/1;
E_000002246fefa410 .event anyedge, v000002246fec0540_0;
E_000002246fefaa10/0 .event negedge, v000002246fec0860_0;
E_000002246fefaa10/1 .event posedge, v000002246fec0180_0;
E_000002246fefaa10 .event/or E_000002246fefaa10/0, E_000002246fefaa10/1;
L_000002246ff60590 .cmp/ge 5, v000002246ff5f7a0_0, L_000002246ff80088;
L_000002246ff609f0 .cmp/ge 5, L_000002246ff800d0, v000002246ff5f7a0_0;
L_000002246ff60630 .reduce/nor v000002246ff5fd40_0;
L_000002246ff618f0 .functor MUXZ 2, v000002246ff5f3e0_0, v000002246ff5fac0_0, v000002246ff5eb20_0, C4<>;
L_000002246ff60450 .functor MUXZ 2, L_000002246ff80160, L_000002246ff80118, L_000002246fef5590, C4<>;
S_000002246fed4310 .scope module, "u_debounce" "debounce_pulse" 3 148, 3 234 0, S_000002246fec3d20;
 .timescale -9 -12;
    .port_info 0 /INPUT 1 "clk";
    .port_info 1 /INPUT 1 "rst_n";
    .port_info 2 /INPUT 1 "raw_in";
    .port_info 3 /OUTPUT 1 "clean_out";
P_000002246fefa1d0 .param/l "WIDTH" 0 3 235, +C4<00000000000000000000000000001000>;
v000002246fec0ae0_0 .var "clean_out", 0 0;
v000002246fec0b80_0 .net "clk", 0 0, v000002246ff5f520_0;  alias, 1 drivers
v000002246fec0360_0 .var "counter", 7 0;
v000002246fec0cc0_0 .net "raw_in", 0 0, v000002246ff5ed00_0;  alias, 1 drivers
v000002246febffa0_0 .var "raw_sync_0", 0 0;
v000002246fec02c0_0 .var "raw_sync_1", 0 0;
v000002246fec0860_0 .net "rst_n", 0 0, v000002246ff5f0c0_0;  alias, 1 drivers
E_000002246fefaed0/0 .event negedge, v000002246fec0860_0;
E_000002246fefaed0/1 .event posedge, v000002246fec0b80_0;
E_000002246fefaed0 .event/or E_000002246fefaed0/0, E_000002246fefaed0/1;
    .scope S_000002246fed4310;
T_0 ;
    %wait E_000002246fefaed0;
    %load/vec4 v000002246fec0860_0;
    %nor/r;
    %flag_set/vec4 8;
    %jmp/0xz  T_0.0, 8;
    %pushi/vec4 0, 0, 1;
    %assign/vec4 v000002246febffa0_0, 0;
    %pushi/vec4 0, 0, 1;
    %assign/vec4 v000002246fec02c0_0, 0;
    %pushi/vec4 0, 0, 8;
    %assign/vec4 v000002246fec0360_0, 0;
    %pushi/vec4 0, 0, 1;
    %assign/vec4 v000002246fec0ae0_0, 0;
    %jmp T_0.1;
T_0.0 ;
    %load/vec4 v000002246fec0cc0_0;
    %assign/vec4 v000002246febffa0_0, 0;
    %load/vec4 v000002246febffa0_0;
    %assign/vec4 v000002246fec02c0_0, 0;
    %load/vec4 v000002246fec02c0_0;
    %load/vec4 v000002246fec0ae0_0;
    %cmp/e;
    %jmp/0xz  T_0.2, 4;
    %pushi/vec4 0, 0, 8;
    %assign/vec4 v000002246fec0360_0, 0;
    %jmp T_0.3;
T_0.2 ;
    %load/vec4 v000002246fec0360_0;
    %cmpi/ne 255, 0, 8;
    %jmp/0xz  T_0.4, 4;
    %load/vec4 v000002246fec0360_0;
    %addi 1, 0, 8;
    %assign/vec4 v000002246fec0360_0, 0;
    %jmp T_0.5;
T_0.4 ;
    %load/vec4 v000002246fec02c0_0;
    %assign/vec4 v000002246fec0ae0_0, 0;
    %pushi/vec4 0, 0, 8;
    %assign/vec4 v000002246fec0360_0, 0;
T_0.5 ;
T_0.3 ;
T_0.1 ;
    %jmp T_0;
    .thread T_0;
    .scope S_000002246fec3d20;
T_1 ;
    %wait E_000002246fefaa10;
    %load/vec4 v000002246ff5f980_0;
    %nor/r;
    %flag_set/vec4 8;
    %jmp/0xz  T_1.0, 8;
    %pushi/vec4 0, 0, 5;
    %assign/vec4 v000002246ff5f7a0_0, 0;
    %jmp T_1.1;
T_1.0 ;
    %load/vec4 v000002246ff5f7a0_0;
    %pad/u 32;
    %cmpi/e 23, 0, 32;
    %jmp/0xz  T_1.2, 4;
    %pushi/vec4 0, 0, 5;
    %assign/vec4 v000002246ff5f7a0_0, 0;
    %jmp T_1.3;
T_1.2 ;
    %load/vec4 v000002246ff5f7a0_0;
    %addi 1, 0, 5;
    %assign/vec4 v000002246ff5f7a0_0, 0;
T_1.3 ;
T_1.1 ;
    %jmp T_1;
    .thread T_1;
    .scope S_000002246fec3d20;
T_2 ;
    %wait E_000002246fefaed0;
    %load/vec4 v000002246ff5f980_0;
    %nor/r;
    %flag_set/vec4 8;
    %jmp/0xz  T_2.0, 8;
    %pushi/vec4 0, 0, 3;
    %assign/vec4 v000002246fec0540_0, 0;
    %pushi/vec4 0, 0, 1;
    %assign/vec4 v000002246ff5ebc0_0, 0;
    %jmp T_2.1;
T_2.0 ;
    %pushi/vec4 0, 0, 1;
    %assign/vec4 v000002246ff5ebc0_0, 0;
    %load/vec4 v000002246fec0540_0;
    %dup/vec4;
    %pushi/vec4 0, 0, 3;
    %cmp/u;
    %jmp/1 T_2.2, 6;
    %dup/vec4;
    %pushi/vec4 1, 0, 3;
    %cmp/u;
    %jmp/1 T_2.3, 6;
    %dup/vec4;
    %pushi/vec4 2, 0, 3;
    %cmp/u;
    %jmp/1 T_2.4, 6;
    %dup/vec4;
    %pushi/vec4 3, 0, 3;
    %cmp/u;
    %jmp/1 T_2.5, 6;
    %dup/vec4;
    %pushi/vec4 4, 0, 3;
    %cmp/u;
    %jmp/1 T_2.6, 6;
    %pushi/vec4 0, 0, 3;
    %assign/vec4 v000002246fec0540_0, 0;
    %jmp T_2.8;
T_2.2 ;
    %load/vec4 v000002246fec0900_0;
    %flag_set/vec4 8;
    %jmp/0xz  T_2.9, 8;
    %pushi/vec4 1, 0, 3;
    %assign/vec4 v000002246fec0540_0, 0;
    %pushi/vec4 1, 0, 1;
    %assign/vec4 v000002246ff5ebc0_0, 0;
T_2.9 ;
    %jmp T_2.8;
T_2.3 ;
    %load/vec4 v000002246ff5e760_0;
    %flag_set/vec4 8;
    %jmp/0xz  T_2.11, 8;
    %pushi/vec4 2, 0, 3;
    %assign/vec4 v000002246fec0540_0, 0;
    %pushi/vec4 1, 0, 1;
    %assign/vec4 v000002246ff5ebc0_0, 0;
T_2.11 ;
    %jmp T_2.8;
T_2.4 ;
    %load/vec4 v000002246ff5e760_0;
    %flag_set/vec4 8;
    %jmp/0xz  T_2.13, 8;
    %pushi/vec4 3, 0, 3;
    %assign/vec4 v000002246fec0540_0, 0;
    %pushi/vec4 1, 0, 1;
    %assign/vec4 v000002246ff5ebc0_0, 0;
T_2.13 ;
    %jmp T_2.8;
T_2.5 ;
    %load/vec4 v000002246ff5e760_0;
    %flag_set/vec4 8;
    %jmp/0xz  T_2.15, 8;
    %pushi/vec4 4, 0, 3;
    %assign/vec4 v000002246fec0540_0, 0;
    %pushi/vec4 1, 0, 1;
    %assign/vec4 v000002246ff5ebc0_0, 0;
T_2.15 ;
    %jmp T_2.8;
T_2.6 ;
    %load/vec4 v000002246ff5e760_0;
    %flag_set/vec4 8;
    %jmp/0xz  T_2.17, 8;
    %pushi/vec4 0, 0, 3;
    %assign/vec4 v000002246fec0540_0, 0;
T_2.17 ;
    %jmp T_2.8;
T_2.8 ;
    %pop/vec4 1;
T_2.1 ;
    %jmp T_2;
    .thread T_2;
    .scope S_000002246fec3d20;
T_3 ;
    %wait E_000002246fefa410;
    %load/vec4 v000002246fec0540_0;
    %dup/vec4;
    %pushi/vec4 0, 0, 3;
    %cmp/u;
    %jmp/1 T_3.0, 6;
    %dup/vec4;
    %pushi/vec4 1, 0, 3;
    %cmp/u;
    %jmp/1 T_3.1, 6;
    %dup/vec4;
    %pushi/vec4 2, 0, 3;
    %cmp/u;
    %jmp/1 T_3.2, 6;
    %dup/vec4;
    %pushi/vec4 3, 0, 3;
    %cmp/u;
    %jmp/1 T_3.3, 6;
    %dup/vec4;
    %pushi/vec4 4, 0, 3;
    %cmp/u;
    %jmp/1 T_3.4, 6;
    %pushi/vec4 0, 0, 2;
    %store/vec4 v000002246ff5fac0_0, 0, 2;
    %pushi/vec4 0, 0, 1;
    %store/vec4 v000002246ff5eb20_0, 0, 1;
    %jmp T_3.6;
T_3.0 ;
    %pushi/vec4 0, 0, 2;
    %store/vec4 v000002246ff5fac0_0, 0, 2;
    %pushi/vec4 0, 0, 1;
    %store/vec4 v000002246ff5eb20_0, 0, 1;
    %jmp T_3.6;
T_3.1 ;
    %pushi/vec4 2, 0, 2;
    %store/vec4 v000002246ff5fac0_0, 0, 2;
    %pushi/vec4 1, 0, 1;
    %store/vec4 v000002246ff5eb20_0, 0, 1;
    %jmp T_3.6;
T_3.2 ;
    %pushi/vec4 0, 0, 2;
    %store/vec4 v000002246ff5fac0_0, 0, 2;
    %pushi/vec4 1, 0, 1;
    %store/vec4 v000002246ff5eb20_0, 0, 1;
    %jmp T_3.6;
T_3.3 ;
    %pushi/vec4 3, 0, 2;
    %store/vec4 v000002246ff5fac0_0, 0, 2;
    %pushi/vec4 1, 0, 1;
    %store/vec4 v000002246ff5eb20_0, 0, 1;
    %jmp T_3.6;
T_3.4 ;
    %pushi/vec4 1, 0, 2;
    %store/vec4 v000002246ff5fac0_0, 0, 2;
    %pushi/vec4 1, 0, 1;
    %store/vec4 v000002246ff5eb20_0, 0, 1;
    %jmp T_3.6;
T_3.6 ;
    %pop/vec4 1;
    %jmp T_3;
    .thread T_3, $push;
    .scope S_000002246fec3d20;
T_4 ;
    %wait E_000002246fefaed0;
    %load/vec4 v000002246ff5f980_0;
    %nor/r;
    %flag_set/vec4 8;
    %jmp/0xz  T_4.0, 8;
    %pushi/vec4 0, 0, 1;
    %assign/vec4 v000002246ff5fd40_0, 0;
    %pushi/vec4 0, 0, 1;
    %assign/vec4 v000002246ff5fc00_0, 0;
    %pushi/vec4 0, 0, 1;
    %assign/vec4 v000002246ff5ee40_0, 0;
    %pushi/vec4 0, 0, 32;
    %store/vec4 v000002246ff5fde0_0, 0, 32;
T_4.2 ;
    %load/vec4 v000002246ff5fde0_0;
    %cmpi/s 4, 0, 32;
    %jmp/0xz T_4.3, 5;
    %pushi/vec4 0, 0, 6;
    %ix/getv/s 3, v000002246ff5fde0_0;
    %ix/load 4, 0, 0; Constant delay
    %assign/vec4/a/d v000002246ff5e6c0, 0, 4;
    %pushi/vec4 0, 0, 6;
    %ix/getv/s 3, v000002246ff5fde0_0;
    %ix/load 4, 0, 0; Constant delay
    %assign/vec4/a/d v000002246ff5f2a0, 0, 4;
    %load/vec4 v000002246ff5fde0_0;
    %addi 1, 0, 32;
    %store/vec4 v000002246ff5fde0_0, 0, 32;
    %jmp T_4.2;
T_4.3 ;
    %pushi/vec4 0, 0, 6;
    %assign/vec4 v000002246ff5e620_0, 0;
    %pushi/vec4 0, 0, 6;
    %assign/vec4 v000002246ff5e120_0, 0;
    %jmp T_4.1;
T_4.0 ;
    %load/vec4 v000002246ff5e9e0_0;
    %assign/vec4 v000002246ff5fc00_0, 0;
    %load/vec4 v000002246ff5fd40_0;
    %assign/vec4 v000002246ff5ee40_0, 0;
    %load/vec4 v000002246ff5ea80_0;
    %flag_set/vec4 8;
    %jmp/0xz  T_4.4, 8;
    %pushi/vec4 0, 0, 6;
    %load/vec4 v000002246fec0680_0;
    %pad/u 4;
    %ix/vec4 3;
    %ix/load 4, 0, 0; Constant delay
    %assign/vec4/a/d v000002246ff5e6c0, 0, 4;
T_4.4 ;
    %load/vec4 v000002246ff5fe80_0;
    %flag_set/vec4 8;
    %jmp/0xz  T_4.6, 8;
    %load/vec4 v000002246ff5e300_0;
    %load/vec4 v000002246fec0680_0;
    %pad/u 4;
    %ix/vec4 3;
    %ix/load 4, 0, 0; Constant delay
    %assign/vec4/a/d v000002246ff5f2a0, 0, 4;
T_4.6 ;
    %load/vec4 v000002246ff5ebc0_0;
    %flag_set/vec4 12;
    %flag_get/vec4 12;
    %jmp/0 T_4.13, 12;
    %load/vec4 v000002246ff5fd40_0;
    %nor/r;
    %and;
T_4.13;
    %flag_set/vec4 11;
    %flag_get/vec4 11;
    %jmp/0 T_4.12, 11;
    %load/vec4 v000002246ff5ec60_0;
    %and;
T_4.12;
    %flag_set/vec4 10;
    %flag_get/vec4 10;
    %jmp/0 T_4.11, 10;
    %load/vec4 v000002246ff5e580_0;
    %nor/r;
    %and;
T_4.11;
    %flag_set/vec4 9;
    %flag_get/vec4 9;
    %jmp/0 T_4.10, 9;
    %load/vec4 v000002246ff5f660_0;
    %load/vec4 v000002246fec0680_0;
    %part/u 1;
    %nor/r;
    %and;
T_4.10;
    %flag_set/vec4 8;
    %jmp/0xz  T_4.8, 8;
    %pushi/vec4 1, 0, 1;
    %assign/vec4 v000002246ff5fd40_0, 0;
    %jmp T_4.9;
T_4.8 ;
    %load/vec4 v000002246ff5fd40_0;
    %flag_set/vec4 9;
    %flag_get/vec4 9;
    %jmp/0 T_4.16, 9;
    %load/vec4 v000002246ff5ec60_0;
    %nor/r;
    %flag_set/vec4 9;
    %jmp/1 T_4.18, 9;
    %load/vec4 v000002246ff5e580_0;
    %flag_set/vec4 10;
    %flag_or 9, 10;
T_4.18;
    %flag_get/vec4 9;
    %jmp/1 T_4.17, 9;
    %load/vec4 v000002246ff5f660_0;
    %load/vec4 v000002246fec0680_0;
    %part/u 1;
    %or;
T_4.17;
    %and;
T_4.16;
    %flag_set/vec4 8;
    %jmp/0xz  T_4.14, 8;
    %pushi/vec4 0, 0, 1;
    %assign/vec4 v000002246ff5fd40_0, 0;
T_4.14 ;
T_4.9 ;
    %load/vec4 v000002246ff5f340_0;
    %flag_set/vec4 10;
    %flag_get/vec4 10;
    %jmp/0 T_4.22, 10;
    %load/vec4 v000002246ff5e9e0_0;
    %and;
T_4.22;
    %flag_set/vec4 9;
    %flag_get/vec4 9;
    %jmp/0 T_4.21, 9;
    %load/vec4 v000002246ff5fc00_0;
    %nor/r;
    %and;
T_4.21;
    %flag_set/vec4 8;
    %jmp/0xz  T_4.19, 8;
    %load/vec4 v000002246fec0680_0;
    %pad/u 4;
    %ix/vec4 4;
    %load/vec4a v000002246ff5e6c0, 4;
    %load/vec4 v000002246ff5f700_0;
    %pushi/vec4 0, 0, 4;
    %load/vec4 v000002246ff5fca0_0;
    %concat/vec4; draw_concat_vec4
    %sub;
    %cmp/u;
    %flag_or 5, 4;
    %jmp/0xz  T_4.23, 5;
    %load/vec4 v000002246fec0680_0;
    %pad/u 4;
    %ix/vec4 4;
    %load/vec4a v000002246ff5e6c0, 4;
    %pushi/vec4 0, 0, 4;
    %load/vec4 v000002246ff5fca0_0;
    %concat/vec4; draw_concat_vec4
    %add;
    %load/vec4 v000002246fec0680_0;
    %pad/u 4;
    %ix/vec4 3;
    %ix/load 4, 0, 0; Constant delay
    %assign/vec4/a/d v000002246ff5e6c0, 0, 4;
    %jmp T_4.24;
T_4.23 ;
    %load/vec4 v000002246ff5f700_0;
    %load/vec4 v000002246fec0680_0;
    %pad/u 4;
    %ix/vec4 3;
    %ix/load 4, 0, 0; Constant delay
    %assign/vec4/a/d v000002246ff5e6c0, 0, 4;
T_4.24 ;
T_4.19 ;
    %load/vec4 v000002246fec0680_0;
    %pad/u 4;
    %ix/vec4 4;
    %load/vec4a v000002246ff5e6c0, 4;
    %assign/vec4 v000002246ff5e620_0, 0;
    %load/vec4 v000002246fec0680_0;
    %pad/u 4;
    %ix/vec4 4;
    %load/vec4a v000002246ff5f2a0, 4;
    %assign/vec4 v000002246ff5e120_0, 0;
T_4.1 ;
    %jmp T_4;
    .thread T_4;
    .scope S_000002246fec3d20;
T_5 ;
    %wait E_000002246fefaad0;
    %pushi/vec4 0, 0, 32;
    %store/vec4 v000002246ff5fde0_0, 0, 32;
T_5.0 ;
    %load/vec4 v000002246ff5fde0_0;
    %cmpi/s 4, 0, 32;
    %jmp/0xz T_5.1, 5;
    %ix/getv/s 4, v000002246ff5fde0_0;
    %load/vec4a v000002246ff5f2a0, 4;
    %ix/getv/s 4, v000002246ff5fde0_0;
    %load/vec4a v000002246ff5e6c0, 4;
    %cmp/u;
    %flag_get/vec4 4;
    %flag_get/vec4 5;
    %or;
    %ix/getv/s 4, v000002246ff5fde0_0;
    %store/vec4 v000002246ff5f660_0, 4, 1;
    %load/vec4 v000002246ff5fde0_0;
    %addi 1, 0, 32;
    %store/vec4 v000002246ff5fde0_0, 0, 32;
    %jmp T_5.0;
T_5.1 ;
    %jmp T_5;
    .thread T_5, $push;
    .scope S_000002246fec3d20;
T_6 ;
    %wait E_000002246fefa9d0;
    %load/vec4 v000002246ff5e580_0;
    %flag_set/vec4 8;
    %jmp/0xz  T_6.0, 8;
    %pushi/vec4 0, 0, 1;
    %store/vec4 v000002246ff5f340_0, 0, 1;
    %jmp T_6.1;
T_6.0 ;
    %load/vec4 v000002246ff5ef80_0;
    %flag_set/vec4 9;
    %flag_get/vec4 9;
    %jmp/0 T_6.4, 9;
    %load/vec4 v000002246ff5f660_0;
    %load/vec4 v000002246fec0680_0;
    %part/u 1;
    %nor/r;
    %and;
T_6.4;
    %flag_set/vec4 8;
    %jmp/0xz  T_6.2, 8;
    %pushi/vec4 1, 0, 1;
    %store/vec4 v000002246ff5f340_0, 0, 1;
    %jmp T_6.3;
T_6.2 ;
    %load/vec4 v000002246ff5fd40_0;
    %flag_set/vec4 9;
    %flag_get/vec4 9;
    %jmp/0 T_6.7, 9;
    %load/vec4 v000002246ff5f660_0;
    %load/vec4 v000002246fec0680_0;
    %part/u 1;
    %nor/r;
    %and;
T_6.7;
    %flag_set/vec4 8;
    %jmp/0xz  T_6.5, 8;
    %pushi/vec4 1, 0, 1;
    %store/vec4 v000002246ff5f340_0, 0, 1;
    %jmp T_6.6;
T_6.5 ;
    %pushi/vec4 0, 0, 1;
    %store/vec4 v000002246ff5f340_0, 0, 1;
T_6.6 ;
T_6.3 ;
T_6.1 ;
    %jmp T_6;
    .thread T_6, $push;
    .scope S_000002246fec3b90;
T_7 ;
    %vpi_call 2 80 "$dumpfile", "smart_irrigation_auto.vcd" {0 0 0};
    %vpi_call 2 81 "$dumpvars", 32'sb00000000000000000000000000000000, S_000002246fec3b90 {0 0 0};
    %end;
    .thread T_7;
    .scope S_000002246fec3b90;
T_8 ;
    %pushi/vec4 0, 0, 1;
    %store/vec4 v000002246ff5f520_0, 0, 1;
T_8.0 ;
    %delay 5000, 0;
    %load/vec4 v000002246ff5f520_0;
    %inv;
    %store/vec4 v000002246ff5f520_0, 0, 1;
    %jmp T_8.0;
    %end;
    .thread T_8;
    .scope S_000002246fec3b90;
T_9 ;
    %pushi/vec4 0, 0, 1;
    %store/vec4 v000002246ff5e260_0, 0, 1;
T_9.0 ;
    %delay 500000, 0;
    %load/vec4 v000002246ff5e260_0;
    %inv;
    %store/vec4 v000002246ff5e260_0, 0, 1;
    %jmp T_9.0;
    %end;
    .thread T_9;
    .scope S_000002246fec3b90;
T_10 ;
    %pushi/vec4 0, 0, 1;
    %store/vec4 v000002246ff5f0c0_0, 0, 1;
    %pushi/vec4 0, 0, 1;
    %store/vec4 v000002246ff5ed00_0, 0, 1;
    %pushi/vec4 0, 0, 1;
    %store/vec4 v000002246ff5eda0_0, 0, 1;
    %pushi/vec4 0, 0, 1;
    %store/vec4 v000002246ff5e8a0_0, 0, 1;
    %pushi/vec4 0, 0, 1;
    %store/vec4 v000002246ff5f8e0_0, 0, 1;
    %pushi/vec4 0, 0, 2;
    %store/vec4 v000002246ff5f3e0_0, 0, 2;
    %pushi/vec4 0, 0, 1;
    %store/vec4 v000002246ff5f020_0, 0, 1;
    %pushi/vec4 0, 0, 1;
    %store/vec4 v000002246ff5e440_0, 0, 1;
    %pushi/vec4 0, 0, 6;
    %store/vec4 v000002246ff5ff20_0, 0, 6;
    %pushi/vec4 0, 0, 1;
    %store/vec4 v000002246ff5e3a0_0, 0, 1;
    %vpi_call 2 114 "$display", "\012---- SYSTEM RESET ----" {0 0 0};
    %delay 50000, 0;
    %pushi/vec4 1, 0, 1;
    %store/vec4 v000002246ff5f0c0_0, 0, 1;
    %delay 100000, 0;
    %vpi_call 2 120 "$display", "---- SETTING INITIAL QUOTAS ----" {0 0 0};
    %pushi/vec4 0, 0, 32;
    %store/vec4 v000002246ff5e800_0, 0, 32;
T_10.0 ;
    %load/vec4 v000002246ff5e800_0;
    %cmpi/s 4, 0, 32;
    %jmp/0xz T_10.1, 5;
    %pushi/vec4 20, 0, 32;
    %load/vec4 v000002246ff5e800_0;
    %muli 5, 0, 32;
    %add;
    %pad/u 6;
    %store/vec4 v000002246ff5ff20_0, 0, 6;
    %load/vec4 v000002246ff5e800_0;
    %parti/s 2, 0, 2;
    %store/vec4 v000002246ff5f3e0_0, 0, 2;
    %pushi/vec4 1, 0, 1;
    %store/vec4 v000002246ff5e440_0, 0, 1;
    %delay 20000, 0;
    %pushi/vec4 0, 0, 1;
    %store/vec4 v000002246ff5e440_0, 0, 1;
    %delay 20000, 0;
    %load/vec4 v000002246ff5e800_0;
    %addi 1, 0, 32;
    %store/vec4 v000002246ff5e800_0, 0, 32;
    %jmp T_10.0;
T_10.1 ;
    %vpi_call 2 131 "$display", "---- START AUTO CYCLE ----" {0 0 0};
    %pushi/vec4 1, 0, 1;
    %store/vec4 v000002246ff5f8e0_0, 0, 1;
    %delay 20000, 0;
    %pushi/vec4 0, 0, 1;
    %store/vec4 v000002246ff5f8e0_0, 0, 1;
    %pushi/vec4 1, 0, 1;
    %store/vec4 v000002246ff5eda0_0, 0, 1;
    %pushi/vec4 10, 0, 32;
T_10.2 %dup/vec4;
    %pushi/vec4 0, 0, 32;
    %cmp/s;
    %jmp/1xz T_10.3, 5;
    %jmp/1 T_10.3, 4;
    %pushi/vec4 1, 0, 32;
    %sub;
    %pushi/vec4 1, 0, 1;
    %store/vec4 v000002246ff5ed00_0, 0, 1;
    %delay 10000, 0;
    %pushi/vec4 0, 0, 1;
    %store/vec4 v000002246ff5ed00_0, 0, 1;
    %delay 40000, 0;
    %jmp T_10.2;
T_10.3 ;
    %pop/vec4 1;
    %vpi_call 2 146 "$display", "---- RAIN DETECTED ----" {0 0 0};
    %pushi/vec4 1, 0, 1;
    %store/vec4 v000002246ff5e8a0_0, 0, 1;
    %delay 200000, 0;
    %pushi/vec4 0, 0, 1;
    %store/vec4 v000002246ff5e8a0_0, 0, 1;
    %vpi_call 2 152 "$display", "---- MANUAL OVERRIDE ACTIVATED ----" {0 0 0};
    %pushi/vec4 1, 0, 1;
    %store/vec4 v000002246ff5e3a0_0, 0, 1;
    %pushi/vec4 1, 0, 1;
    %store/vec4 v000002246ff5eda0_0, 0, 1;
    %delay 200000, 0;
    %pushi/vec4 0, 0, 1;
    %store/vec4 v000002246ff5e3a0_0, 0, 1;
    %vpi_call 2 159 "$display", "---- NEXT ZONE TRIGGER ----" {0 0 0};
    %pushi/vec4 0, 0, 1;
    %store/vec4 v000002246ff5ed00_0, 0, 1;
    %pushi/vec4 1, 0, 1;
    %store/vec4 v000002246ff5eda0_0, 0, 1;
    %pushi/vec4 5, 0, 32;
T_10.4 %dup/vec4;
    %pushi/vec4 0, 0, 32;
    %cmp/s;
    %jmp/1xz T_10.5, 5;
    %jmp/1 T_10.5, 4;
    %pushi/vec4 1, 0, 32;
    %sub;
    %pushi/vec4 1, 0, 1;
    %store/vec4 v000002246ff5ed00_0, 0, 1;
    %delay 10000, 0;
    %pushi/vec4 0, 0, 1;
    %store/vec4 v000002246ff5ed00_0, 0, 1;
    %delay 30000, 0;
    %jmp T_10.4;
T_10.5 ;
    %pop/vec4 1;
    %vpi_call 2 168 "$display", "---- RESET USER 1 ----" {0 0 0};
    %pushi/vec4 1, 0, 2;
    %store/vec4 v000002246ff5f3e0_0, 0, 2;
    %pushi/vec4 1, 0, 1;
    %store/vec4 v000002246ff5f020_0, 0, 1;
    %delay 20000, 0;
    %pushi/vec4 0, 0, 1;
    %store/vec4 v000002246ff5f020_0, 0, 1;
    %vpi_call 2 174 "$display", "---- SIMULATION COMPLETE ----" {0 0 0};
    %delay 500000, 0;
    %vpi_call 2 176 "$finish" {0 0 0};
    %end;
    .thread T_10;
    .scope S_000002246fec3b90;
T_11 ;
    %wait E_000002246fefadd0;
    %vpi_call 2 183 "$display", "T=%0t | Zone=%0d | Valve=%b | Rain=%b | Dry=%b | QuotaUsed=%0d | QuotaLimit=%0d | QuotaExceeded=%b | FlowBoost=%b | SeqActive=%b", $time, v000002246ff5fa20_0, v000002246fec0a40_0, v000002246ff5e8a0_0, v000002246ff5eda0_0, v000002246ff5f200_0, v000002246ff5fb60_0, v000002246ff5eee0_0, v000002246ff5e1c0_0, v000002246ff5f160_0 {0 0 0};
    %jmp T_11;
    .thread T_11;
# The file index is used to find the file name in the following table.
:file_names 4;
    "N/A";
    "<interactive>";
    "ddsmini_tb.v";
    "ddsmini.v";
